2024-11-25 22:50:57,983 INFO c.r.P.RentADJApplication [StartupInfoLogger.java:50] -- Starting RentADJApplication using Java 23.0.1 with PID 6280 (S:\Revature\IntelliJ_Projects\Rent-a-DJ\Rent-A-DJ Backend (Spring)\target\classes started by Jordan Price in S:\Revature\IntelliJ_Projects\Rent-a-DJ\Rent-A-DJ Backend (Spring))
2024-11-25 22:50:57,986 INFO c.r.P.RentADJApplication [SpringApplication.java:654] -- No active profile set, falling back to 1 default profile: "default"
2024-11-25 22:50:58,360 INFO o.s.d.r.c.RepositoryConfigurationDelegate [RepositoryConfigurationDelegate.java:143] -- Bootstrapping Spring Data JPA repositories in DEFAULT mode.
2024-11-25 22:50:58,396 INFO o.s.d.r.c.RepositoryConfigurationDelegate [RepositoryConfigurationDelegate.java:211] -- Finished Spring Data repository scanning in 31 ms. Found 4 JPA repository interfaces.
2024-11-25 22:50:59,023 INFO o.s.b.w.e.t.TomcatWebServer [TomcatWebServer.java:111] -- Tomcat initialized with port 7777 (http)
2024-11-25 22:50:59,030 INFO o.a.c.h.Http11NioProtocol [DirectJDKLog.java:173] -- Initializing ProtocolHandler ["http-nio-7777"]
2024-11-25 22:50:59,034 INFO o.a.c.c.StandardService [DirectJDKLog.java:173] -- Starting service [Tomcat]
2024-11-25 22:50:59,034 INFO o.a.c.c.StandardEngine [DirectJDKLog.java:173] -- Starting Servlet engine: [Apache Tomcat/10.1.31]
2024-11-25 22:50:59,078 INFO o.a.c.c.C.[.[.[/] [DirectJDKLog.java:173] -- Initializing Spring embedded WebApplicationContext
2024-11-25 22:50:59,080 INFO o.s.b.w.s.c.ServletWebServerApplicationContext [ServletWebServerApplicationContext.java:296] -- Root WebApplicationContext: initialization completed in 1040 ms
2024-11-25 22:50:59,209 INFO o.h.j.i.u.LogHelper [LogHelper.java:31] -- HHH000204: Processing PersistenceUnitInfo [name: default]
2024-11-25 22:50:59,243 INFO o.h.Version [Version.java:44] -- HHH000412: Hibernate ORM core version 6.5.3.Final
2024-11-25 22:50:59,268 INFO o.h.c.i.RegionFactoryInitiator [RegionFactoryInitiator.java:50] -- HHH000026: Second-level cache disabled
2024-11-25 22:50:59,488 INFO o.s.o.j.p.SpringPersistenceUnitInfo [SpringPersistenceUnitInfo.java:87] -- No LoadTimeWeaver setup: ignoring JPA class transformer
2024-11-25 22:50:59,508 INFO c.z.h.HikariDataSource [HikariDataSource.java:109] -- HikariPool-1 - Starting...
2024-11-25 22:50:59,759 INFO c.z.h.p.HikariPool [HikariPool.java:554] -- HikariPool-1 - Added connection org.postgresql.jdbc.PgConnection@7c5c20ed
2024-11-25 22:50:59,761 INFO c.z.h.HikariDataSource [HikariDataSource.java:122] -- HikariPool-1 - Start completed.
2024-11-25 22:51:00,411 INFO o.h.e.t.j.p.i.JtaPlatformInitiator [JtaPlatformInitiator.java:59] -- HHH000489: No JTA platform available (set 'hibernate.transaction.jta.platform' to enable JTA platform integration)
2024-11-25 22:51:00,447 WARN o.h.t.s.i.ExceptionHandlerLoggedImpl [ExceptionHandlerLoggedImpl.java:27] -- GenerationTarget encountered exception accepting command : Error executing DDL "create table "rent-a-dj".djs (dj_id integer generated by default as identity, first_name varchar(255) not null, last_name varchar(255) not null, password varchar(255) not null, rate float(53) not null, username varchar(255) not null, primary key (dj_id))" via JDBC [ERROR: schema "rent-a-dj" does not exist
  Position: 14]
org.hibernate.tool.schema.spi.CommandAcceptanceException: Error executing DDL "create table "rent-a-dj".djs (dj_id integer generated by default as identity, first_name varchar(255) not null, last_name varchar(255) not null, password varchar(255) not null, rate float(53) not null, username varchar(255) not null, primary key (dj_id))" via JDBC [ERROR: schema "rent-a-dj" does not exist
  Position: 14]
	at org.hibernate.tool.schema.internal.exec.GenerationTargetToDatabase.accept(GenerationTargetToDatabase.java:94)
	at org.hibernate.tool.schema.internal.AbstractSchemaMigrator.applySqlString(AbstractSchemaMigrator.java:583)
	at org.hibernate.tool.schema.internal.AbstractSchemaMigrator.applySqlStrings(AbstractSchemaMigrator.java:523)
	at org.hibernate.tool.schema.internal.AbstractSchemaMigrator.createTable(AbstractSchemaMigrator.java:323)
	at org.hibernate.tool.schema.internal.GroupedSchemaMigratorImpl.performTablesMigration(GroupedSchemaMigratorImpl.java:80)
	at org.hibernate.tool.schema.internal.AbstractSchemaMigrator.performMigration(AbstractSchemaMigrator.java:240)
	at org.hibernate.tool.schema.internal.AbstractSchemaMigrator.doMigration(AbstractSchemaMigrator.java:119)
	at org.hibernate.tool.schema.spi.SchemaManagementToolCoordinator.performDatabaseAction(SchemaManagementToolCoordinator.java:280)
	at org.hibernate.tool.schema.spi.SchemaManagementToolCoordinator.lambda$process$5(SchemaManagementToolCoordinator.java:144)
	at java.base/java.util.HashMap.forEach(HashMap.java:1430)
	at org.hibernate.tool.schema.spi.SchemaManagementToolCoordinator.process(SchemaManagementToolCoordinator.java:141)
	at org.hibernate.boot.internal.SessionFactoryObserverForSchemaExport.sessionFactoryCreated(SessionFactoryObserverForSchemaExport.java:37)
	at org.hibernate.internal.SessionFactoryObserverChain.sessionFactoryCreated(SessionFactoryObserverChain.java:35)
	at org.hibernate.internal.SessionFactoryImpl.<init>(SessionFactoryImpl.java:322)
	at org.hibernate.boot.internal.SessionFactoryBuilderImpl.build(SessionFactoryBuilderImpl.java:457)
	at org.hibernate.jpa.boot.internal.EntityManagerFactoryBuilderImpl.build(EntityManagerFactoryBuilderImpl.java:1506)
	at org.springframework.orm.jpa.vendor.SpringHibernateJpaPersistenceProvider.createContainerEntityManagerFactory(SpringHibernateJpaPersistenceProvider.java:75)
	at org.springframework.orm.jpa.LocalContainerEntityManagerFactoryBean.createNativeEntityManagerFactory(LocalContainerEntityManagerFactoryBean.java:390)
	at org.springframework.orm.jpa.AbstractEntityManagerFactoryBean.buildNativeEntityManagerFactory(AbstractEntityManagerFactoryBean.java:409)
	at org.springframework.orm.jpa.AbstractEntityManagerFactoryBean.afterPropertiesSet(AbstractEntityManagerFactoryBean.java:396)
	at org.springframework.orm.jpa.LocalContainerEntityManagerFactoryBean.afterPropertiesSet(LocalContainerEntityManagerFactoryBean.java:366)
	at org.springframework.beans.factory.support.AbstractAutowireCapableBeanFactory.invokeInitMethods(AbstractAutowireCapableBeanFactory.java:1853)
	at org.springframework.beans.factory.support.AbstractAutowireCapableBeanFactory.initializeBean(AbstractAutowireCapableBeanFactory.java:1802)
	at org.springframework.beans.factory.support.AbstractAutowireCapableBeanFactory.doCreateBean(AbstractAutowireCapableBeanFactory.java:600)
	at org.springframework.beans.factory.support.AbstractAutowireCapableBeanFactory.createBean(AbstractAutowireCapableBeanFactory.java:522)
	at org.springframework.beans.factory.support.AbstractBeanFactory.lambda$doGetBean$0(AbstractBeanFactory.java:337)
	at org.springframework.beans.factory.support.DefaultSingletonBeanRegistry.getSingleton(DefaultSingletonBeanRegistry.java:234)
	at org.springframework.beans.factory.support.AbstractBeanFactory.doGetBean(AbstractBeanFactory.java:335)
	at org.springframework.beans.factory.support.AbstractBeanFactory.getBean(AbstractBeanFactory.java:205)
	at org.springframework.context.support.AbstractApplicationContext.finishBeanFactoryInitialization(AbstractApplicationContext.java:954)
	at org.springframework.context.support.AbstractApplicationContext.refresh(AbstractApplicationContext.java:625)
	at org.springframework.boot.web.servlet.context.ServletWebServerApplicationContext.refresh(ServletWebServerApplicationContext.java:146)
	at org.springframework.boot.SpringApplication.refresh(SpringApplication.java:754)
	at org.springframework.boot.SpringApplication.refreshContext(SpringApplication.java:456)
	at org.springframework.boot.SpringApplication.run(SpringApplication.java:335)
	at org.springframework.boot.SpringApplication.run(SpringApplication.java:1363)
	at org.springframework.boot.SpringApplication.run(SpringApplication.java:1352)
	at com.revature.P2.RentADJApplication.main(RentADJApplication.java:21)
Caused by: org.postgresql.util.PSQLException: ERROR: schema "rent-a-dj" does not exist
  Position: 14
	at org.postgresql.core.v3.QueryExecutorImpl.receiveErrorResponse(QueryExecutorImpl.java:2733)
	at org.postgresql.core.v3.QueryExecutorImpl.processResults(QueryExecutorImpl.java:2420)
	at org.postgresql.core.v3.QueryExecutorImpl.execute(QueryExecutorImpl.java:372)
	at org.postgresql.jdbc.PgStatement.executeInternal(PgStatement.java:517)
	at org.postgresql.jdbc.PgStatement.execute(PgStatement.java:434)
	at org.postgresql.jdbc.PgStatement.executeWithFlags(PgStatement.java:356)
	at org.postgresql.jdbc.PgStatement.executeCachedSql(PgStatement.java:341)
	at org.postgresql.jdbc.PgStatement.executeWithFlags(PgStatement.java:317)
	at org.postgresql.jdbc.PgStatement.execute(PgStatement.java:312)
	at com.zaxxer.hikari.pool.ProxyStatement.execute(ProxyStatement.java:94)
	at com.zaxxer.hikari.pool.HikariProxyStatement.execute(HikariProxyStatement.java)
	at org.hibernate.tool.schema.internal.exec.GenerationTargetToDatabase.accept(GenerationTargetToDatabase.java:80)
	... 37 common frames omitted
2024-11-25 22:51:00,448 WARN o.h.t.s.i.ExceptionHandlerLoggedImpl [ExceptionHandlerLoggedImpl.java:27] -- GenerationTarget encountered exception accepting command : Error executing DDL "create table "rent-a-dj".reservations (reservation_id integer generated by default as identity, creation_time timestamp(6) not null, enddatetime timestamp(6) not null, location varchar(255) not null, startdatetime timestamp(6) not null, status varchar(255) not null, dj_id integer, user_id integer, primary key (reservation_id))" via JDBC [ERROR: schema "rent-a-dj" does not exist
  Position: 14]
org.hibernate.tool.schema.spi.CommandAcceptanceException: Error executing DDL "create table "rent-a-dj".reservations (reservation_id integer generated by default as identity, creation_time timestamp(6) not null, enddatetime timestamp(6) not null, location varchar(255) not null, startdatetime timestamp(6) not null, status varchar(255) not null, dj_id integer, user_id integer, primary key (reservation_id))" via JDBC [ERROR: schema "rent-a-dj" does not exist
  Position: 14]
	at org.hibernate.tool.schema.internal.exec.GenerationTargetToDatabase.accept(GenerationTargetToDatabase.java:94)
	at org.hibernate.tool.schema.internal.AbstractSchemaMigrator.applySqlString(AbstractSchemaMigrator.java:583)
	at org.hibernate.tool.schema.internal.AbstractSchemaMigrator.applySqlStrings(AbstractSchemaMigrator.java:523)
	at org.hibernate.tool.schema.internal.AbstractSchemaMigrator.createTable(AbstractSchemaMigrator.java:323)
	at org.hibernate.tool.schema.internal.GroupedSchemaMigratorImpl.performTablesMigration(GroupedSchemaMigratorImpl.java:80)
	at org.hibernate.tool.schema.internal.AbstractSchemaMigrator.performMigration(AbstractSchemaMigrator.java:240)
	at org.hibernate.tool.schema.internal.AbstractSchemaMigrator.doMigration(AbstractSchemaMigrator.java:119)
	at org.hibernate.tool.schema.spi.SchemaManagementToolCoordinator.performDatabaseAction(SchemaManagementToolCoordinator.java:280)
	at org.hibernate.tool.schema.spi.SchemaManagementToolCoordinator.lambda$process$5(SchemaManagementToolCoordinator.java:144)
	at java.base/java.util.HashMap.forEach(HashMap.java:1430)
	at org.hibernate.tool.schema.spi.SchemaManagementToolCoordinator.process(SchemaManagementToolCoordinator.java:141)
	at org.hibernate.boot.internal.SessionFactoryObserverForSchemaExport.sessionFactoryCreated(SessionFactoryObserverForSchemaExport.java:37)
	at org.hibernate.internal.SessionFactoryObserverChain.sessionFactoryCreated(SessionFactoryObserverChain.java:35)
	at org.hibernate.internal.SessionFactoryImpl.<init>(SessionFactoryImpl.java:322)
	at org.hibernate.boot.internal.SessionFactoryBuilderImpl.build(SessionFactoryBuilderImpl.java:457)
	at org.hibernate.jpa.boot.internal.EntityManagerFactoryBuilderImpl.build(EntityManagerFactoryBuilderImpl.java:1506)
	at org.springframework.orm.jpa.vendor.SpringHibernateJpaPersistenceProvider.createContainerEntityManagerFactory(SpringHibernateJpaPersistenceProvider.java:75)
	at org.springframework.orm.jpa.LocalContainerEntityManagerFactoryBean.createNativeEntityManagerFactory(LocalContainerEntityManagerFactoryBean.java:390)
	at org.springframework.orm.jpa.AbstractEntityManagerFactoryBean.buildNativeEntityManagerFactory(AbstractEntityManagerFactoryBean.java:409)
	at org.springframework.orm.jpa.AbstractEntityManagerFactoryBean.afterPropertiesSet(AbstractEntityManagerFactoryBean.java:396)
	at org.springframework.orm.jpa.LocalContainerEntityManagerFactoryBean.afterPropertiesSet(LocalContainerEntityManagerFactoryBean.java:366)
	at org.springframework.beans.factory.support.AbstractAutowireCapableBeanFactory.invokeInitMethods(AbstractAutowireCapableBeanFactory.java:1853)
	at org.springframework.beans.factory.support.AbstractAutowireCapableBeanFactory.initializeBean(AbstractAutowireCapableBeanFactory.java:1802)
	at org.springframework.beans.factory.support.AbstractAutowireCapableBeanFactory.doCreateBean(AbstractAutowireCapableBeanFactory.java:600)
	at org.springframework.beans.factory.support.AbstractAutowireCapableBeanFactory.createBean(AbstractAutowireCapableBeanFactory.java:522)
	at org.springframework.beans.factory.support.AbstractBeanFactory.lambda$doGetBean$0(AbstractBeanFactory.java:337)
	at org.springframework.beans.factory.support.DefaultSingletonBeanRegistry.getSingleton(DefaultSingletonBeanRegistry.java:234)
	at org.springframework.beans.factory.support.AbstractBeanFactory.doGetBean(AbstractBeanFactory.java:335)
	at org.springframework.beans.factory.support.AbstractBeanFactory.getBean(AbstractBeanFactory.java:205)
	at org.springframework.context.support.AbstractApplicationContext.finishBeanFactoryInitialization(AbstractApplicationContext.java:954)
	at org.springframework.context.support.AbstractApplicationContext.refresh(AbstractApplicationContext.java:625)
	at org.springframework.boot.web.servlet.context.ServletWebServerApplicationContext.refresh(ServletWebServerApplicationContext.java:146)
	at org.springframework.boot.SpringApplication.refresh(SpringApplication.java:754)
	at org.springframework.boot.SpringApplication.refreshContext(SpringApplication.java:456)
	at org.springframework.boot.SpringApplication.run(SpringApplication.java:335)
	at org.springframework.boot.SpringApplication.run(SpringApplication.java:1363)
	at org.springframework.boot.SpringApplication.run(SpringApplication.java:1352)
	at com.revature.P2.RentADJApplication.main(RentADJApplication.java:21)
Caused by: org.postgresql.util.PSQLException: ERROR: schema "rent-a-dj" does not exist
  Position: 14
	at org.postgresql.core.v3.QueryExecutorImpl.receiveErrorResponse(QueryExecutorImpl.java:2733)
	at org.postgresql.core.v3.QueryExecutorImpl.processResults(QueryExecutorImpl.java:2420)
	at org.postgresql.core.v3.QueryExecutorImpl.execute(QueryExecutorImpl.java:372)
	at org.postgresql.jdbc.PgStatement.executeInternal(PgStatement.java:517)
	at org.postgresql.jdbc.PgStatement.execute(PgStatement.java:434)
	at org.postgresql.jdbc.PgStatement.executeWithFlags(PgStatement.java:356)
	at org.postgresql.jdbc.PgStatement.executeCachedSql(PgStatement.java:341)
	at org.postgresql.jdbc.PgStatement.executeWithFlags(PgStatement.java:317)
	at org.postgresql.jdbc.PgStatement.execute(PgStatement.java:312)
	at com.zaxxer.hikari.pool.ProxyStatement.execute(ProxyStatement.java:94)
	at com.zaxxer.hikari.pool.HikariProxyStatement.execute(HikariProxyStatement.java)
	at org.hibernate.tool.schema.internal.exec.GenerationTargetToDatabase.accept(GenerationTargetToDatabase.java:80)
	... 37 common frames omitted
2024-11-25 22:51:00,449 WARN o.h.t.s.i.ExceptionHandlerLoggedImpl [ExceptionHandlerLoggedImpl.java:27] -- GenerationTarget encountered exception accepting command : Error executing DDL "create table "rent-a-dj".users (user_id integer generated by default as identity, first_name varchar(255) not null, last_name varchar(255) not null, password varchar(255) not null, role varchar(255) not null, username varchar(255) not null, primary key (user_id))" via JDBC [ERROR: schema "rent-a-dj" does not exist
  Position: 14]
org.hibernate.tool.schema.spi.CommandAcceptanceException: Error executing DDL "create table "rent-a-dj".users (user_id integer generated by default as identity, first_name varchar(255) not null, last_name varchar(255) not null, password varchar(255) not null, role varchar(255) not null, username varchar(255) not null, primary key (user_id))" via JDBC [ERROR: schema "rent-a-dj" does not exist
  Position: 14]
	at org.hibernate.tool.schema.internal.exec.GenerationTargetToDatabase.accept(GenerationTargetToDatabase.java:94)
	at org.hibernate.tool.schema.internal.AbstractSchemaMigrator.applySqlString(AbstractSchemaMigrator.java:583)
	at org.hibernate.tool.schema.internal.AbstractSchemaMigrator.applySqlStrings(AbstractSchemaMigrator.java:523)
	at org.hibernate.tool.schema.internal.AbstractSchemaMigrator.createTable(AbstractSchemaMigrator.java:323)
	at org.hibernate.tool.schema.internal.GroupedSchemaMigratorImpl.performTablesMigration(GroupedSchemaMigratorImpl.java:80)
	at org.hibernate.tool.schema.internal.AbstractSchemaMigrator.performMigration(AbstractSchemaMigrator.java:240)
	at org.hibernate.tool.schema.internal.AbstractSchemaMigrator.doMigration(AbstractSchemaMigrator.java:119)
	at org.hibernate.tool.schema.spi.SchemaManagementToolCoordinator.performDatabaseAction(SchemaManagementToolCoordinator.java:280)
	at org.hibernate.tool.schema.spi.SchemaManagementToolCoordinator.lambda$process$5(SchemaManagementToolCoordinator.java:144)
	at java.base/java.util.HashMap.forEach(HashMap.java:1430)
	at org.hibernate.tool.schema.spi.SchemaManagementToolCoordinator.process(SchemaManagementToolCoordinator.java:141)
	at org.hibernate.boot.internal.SessionFactoryObserverForSchemaExport.sessionFactoryCreated(SessionFactoryObserverForSchemaExport.java:37)
	at org.hibernate.internal.SessionFactoryObserverChain.sessionFactoryCreated(SessionFactoryObserverChain.java:35)
	at org.hibernate.internal.SessionFactoryImpl.<init>(SessionFactoryImpl.java:322)
	at org.hibernate.boot.internal.SessionFactoryBuilderImpl.build(SessionFactoryBuilderImpl.java:457)
	at org.hibernate.jpa.boot.internal.EntityManagerFactoryBuilderImpl.build(EntityManagerFactoryBuilderImpl.java:1506)
	at org.springframework.orm.jpa.vendor.SpringHibernateJpaPersistenceProvider.createContainerEntityManagerFactory(SpringHibernateJpaPersistenceProvider.java:75)
	at org.springframework.orm.jpa.LocalContainerEntityManagerFactoryBean.createNativeEntityManagerFactory(LocalContainerEntityManagerFactoryBean.java:390)
	at org.springframework.orm.jpa.AbstractEntityManagerFactoryBean.buildNativeEntityManagerFactory(AbstractEntityManagerFactoryBean.java:409)
	at org.springframework.orm.jpa.AbstractEntityManagerFactoryBean.afterPropertiesSet(AbstractEntityManagerFactoryBean.java:396)
	at org.springframework.orm.jpa.LocalContainerEntityManagerFactoryBean.afterPropertiesSet(LocalContainerEntityManagerFactoryBean.java:366)
	at org.springframework.beans.factory.support.AbstractAutowireCapableBeanFactory.invokeInitMethods(AbstractAutowireCapableBeanFactory.java:1853)
	at org.springframework.beans.factory.support.AbstractAutowireCapableBeanFactory.initializeBean(AbstractAutowireCapableBeanFactory.java:1802)
	at org.springframework.beans.factory.support.AbstractAutowireCapableBeanFactory.doCreateBean(AbstractAutowireCapableBeanFactory.java:600)
	at org.springframework.beans.factory.support.AbstractAutowireCapableBeanFactory.createBean(AbstractAutowireCapableBeanFactory.java:522)
	at org.springframework.beans.factory.support.AbstractBeanFactory.lambda$doGetBean$0(AbstractBeanFactory.java:337)
	at org.springframework.beans.factory.support.DefaultSingletonBeanRegistry.getSingleton(DefaultSingletonBeanRegistry.java:234)
	at org.springframework.beans.factory.support.AbstractBeanFactory.doGetBean(AbstractBeanFactory.java:335)
	at org.springframework.beans.factory.support.AbstractBeanFactory.getBean(AbstractBeanFactory.java:205)
	at org.springframework.context.support.AbstractApplicationContext.finishBeanFactoryInitialization(AbstractApplicationContext.java:954)
	at org.springframework.context.support.AbstractApplicationContext.refresh(AbstractApplicationContext.java:625)
	at org.springframework.boot.web.servlet.context.ServletWebServerApplicationContext.refresh(ServletWebServerApplicationContext.java:146)
	at org.springframework.boot.SpringApplication.refresh(SpringApplication.java:754)
	at org.springframework.boot.SpringApplication.refreshContext(SpringApplication.java:456)
	at org.springframework.boot.SpringApplication.run(SpringApplication.java:335)
	at org.springframework.boot.SpringApplication.run(SpringApplication.java:1363)
	at org.springframework.boot.SpringApplication.run(SpringApplication.java:1352)
	at com.revature.P2.RentADJApplication.main(RentADJApplication.java:21)
Caused by: org.postgresql.util.PSQLException: ERROR: schema "rent-a-dj" does not exist
  Position: 14
	at org.postgresql.core.v3.QueryExecutorImpl.receiveErrorResponse(QueryExecutorImpl.java:2733)
	at org.postgresql.core.v3.QueryExecutorImpl.processResults(QueryExecutorImpl.java:2420)
	at org.postgresql.core.v3.QueryExecutorImpl.execute(QueryExecutorImpl.java:372)
	at org.postgresql.jdbc.PgStatement.executeInternal(PgStatement.java:517)
	at org.postgresql.jdbc.PgStatement.execute(PgStatement.java:434)
	at org.postgresql.jdbc.PgStatement.executeWithFlags(PgStatement.java:356)
	at org.postgresql.jdbc.PgStatement.executeCachedSql(PgStatement.java:341)
	at org.postgresql.jdbc.PgStatement.executeWithFlags(PgStatement.java:317)
	at org.postgresql.jdbc.PgStatement.execute(PgStatement.java:312)
	at com.zaxxer.hikari.pool.ProxyStatement.execute(ProxyStatement.java:94)
	at com.zaxxer.hikari.pool.HikariProxyStatement.execute(HikariProxyStatement.java)
	at org.hibernate.tool.schema.internal.exec.GenerationTargetToDatabase.accept(GenerationTargetToDatabase.java:80)
	... 37 common frames omitted
2024-11-25 22:51:00,451 WARN o.h.e.j.s.SqlExceptionHelper [SqlExceptionHelper.java:238] -- SQL Warning Code: 0, SQLState: 00000
2024-11-25 22:51:00,451 WARN o.h.e.j.s.SqlExceptionHelper [SqlExceptionHelper.java:239] -- relation "djs" does not exist, skipping
2024-11-25 22:51:00,451 WARN o.h.e.j.s.SqlExceptionHelper [SqlExceptionHelper.java:238] -- SQL Warning Code: 0, SQLState: 00000
2024-11-25 22:51:00,451 WARN o.h.e.j.s.SqlExceptionHelper [SqlExceptionHelper.java:239] -- relation "djs" does not exist, skipping
2024-11-25 22:51:00,451 WARN o.h.e.j.s.SqlExceptionHelper [SqlExceptionHelper.java:238] -- SQL Warning Code: 0, SQLState: 00000
2024-11-25 22:51:00,451 WARN o.h.e.j.s.SqlExceptionHelper [SqlExceptionHelper.java:239] -- relation "users" does not exist, skipping
2024-11-25 22:51:00,452 WARN o.h.e.j.s.SqlExceptionHelper [SqlExceptionHelper.java:238] -- SQL Warning Code: 0, SQLState: 00000
2024-11-25 22:51:00,452 WARN o.h.e.j.s.SqlExceptionHelper [SqlExceptionHelper.java:239] -- relation "users" does not exist, skipping
2024-11-25 22:51:00,453 WARN o.h.e.j.s.SqlExceptionHelper [SqlExceptionHelper.java:238] -- SQL Warning Code: 0, SQLState: 00000
2024-11-25 22:51:00,453 WARN o.h.e.j.s.SqlExceptionHelper [SqlExceptionHelper.java:239] -- relation "reservations" does not exist, skipping
2024-11-25 22:51:00,453 WARN o.h.e.j.s.SqlExceptionHelper [SqlExceptionHelper.java:238] -- SQL Warning Code: 0, SQLState: 00000
2024-11-25 22:51:00,453 WARN o.h.e.j.s.SqlExceptionHelper [SqlExceptionHelper.java:239] -- relation "reservations" does not exist, skipping
2024-11-25 22:51:00,454 INFO o.s.o.j.LocalContainerEntityManagerFactoryBean [AbstractEntityManagerFactoryBean.java:437] -- Initialized JPA EntityManagerFactory for persistence unit 'default'
2024-11-25 22:51:00,855 WARN o.s.b.a.o.j.JpaBaseConfiguration$JpaWebConfiguration [JpaBaseConfiguration.java:236] -- spring.jpa.open-in-view is enabled by default. Therefore, database queries may be performed during view rendering. Explicitly configure spring.jpa.open-in-view to disable this warning
2024-11-25 22:51:01,205 INFO o.a.c.h.Http11NioProtocol [DirectJDKLog.java:173] -- Starting ProtocolHandler ["http-nio-7777"]
2024-11-25 22:51:01,222 INFO o.s.b.w.e.t.TomcatWebServer [TomcatWebServer.java:243] -- Tomcat started on port 7777 (http) with context path '/'
2024-11-25 22:51:01,230 INFO c.r.P.RentADJApplication [StartupInfoLogger.java:56] -- Started RentADJApplication in 3.513 seconds (process running for 3.915)
2024-11-25 22:51:01,232 INFO c.r.P.RentADJApplication [RentADJApplication.java:24] -- Application started successfully.
2024-11-25 22:51:42,478 INFO o.s.o.j.LocalContainerEntityManagerFactoryBean [AbstractEntityManagerFactoryBean.java:650] -- Closing JPA EntityManagerFactory for persistence unit 'default'
2024-11-25 22:51:42,480 INFO c.z.h.HikariDataSource [HikariDataSource.java:349] -- HikariPool-1 - Shutdown initiated...
2024-11-25 22:51:42,481 INFO c.z.h.HikariDataSource [HikariDataSource.java:351] -- HikariPool-1 - Shutdown completed.
